<?xml version="1.0" encoding="utf-8"?><testsuites><testsuite name="pytest" errors="0" failures="0" skipped="0" tests="4" time="601.268" timestamp="2024-09-12T15:35:29.597756" hostname="Gustavo_Laptop"><testcase classname="tests.model.test_model.TestModel" name="test_model_fit" time="119.956" /><testcase classname="tests.model.test_model.TestModel" name="test_model_predict" time="235.524" /><testcase classname="tests.model.test_model.TestModel" name="test_model_preprocess_for_serving" time="119.473" /><testcase classname="tests.model.test_model.TestModel" name="test_model_preprocess_for_training" time="115.554" /></testsuite></testsuites>