<?xml version="1.0" encoding="utf-8"?><testsuites><testsuite name="pytest" errors="0" failures="0" skipped="0" tests="4" time="11.677" timestamp="2024-09-12T20:38:00.530725" hostname="Gustavo_Laptop"><testcase classname="tests.api.test_api.TestBatchPipeline" name="test_should_failed_unkown_column_1" time="0.063" /><testcase classname="tests.api.test_api.TestBatchPipeline" name="test_should_failed_unkown_column_2" time="0.024" /><testcase classname="tests.api.test_api.TestBatchPipeline" name="test_should_failed_unkown_column_3" time="0.025" /><testcase classname="tests.api.test_api.TestBatchPipeline" name="test_should_get_predict" time="0.075" /></testsuite></testsuites>