<?xml version="1.0" encoding="utf-8"?><testsuites><testsuite name="pytest" errors="0" failures="0" skipped="0" tests="4" time="8.055" timestamp="2024-09-11T21:41:21.821447" hostname="Gustavo_Laptop"><testcase classname="tests.api.test_api.TestBatchPipeline" name="test_should_failed_unkown_column_1" time="0.050" /><testcase classname="tests.api.test_api.TestBatchPipeline" name="test_should_failed_unkown_column_2" time="0.018" /><testcase classname="tests.api.test_api.TestBatchPipeline" name="test_should_failed_unkown_column_3" time="0.019" /><testcase classname="tests.api.test_api.TestBatchPipeline" name="test_should_get_predict" time="0.087" /></testsuite></testsuites>