<?xml version="1.0" encoding="utf-8"?><testsuites><testsuite name="pytest" errors="0" failures="0" skipped="0" tests="4" time="842.369" timestamp="2024-09-11T15:09:42.924121" hostname="Gustavo_Laptop"><testcase classname="tests.model.test_model.TestModel" name="test_model_fit" time="169.175" /><testcase classname="tests.model.test_model.TestModel" name="test_model_predict" time="330.067" /><testcase classname="tests.model.test_model.TestModel" name="test_model_preprocess_for_serving" time="166.739" /><testcase classname="tests.model.test_model.TestModel" name="test_model_preprocess_for_training" time="165.785" /></testsuite></testsuites>