<?xml version="1.0" encoding="utf-8"?><testsuites><testsuite name="pytest" errors="0" failures="0" skipped="0" tests="2" time="1236.230" timestamp="2024-09-10T11:49:58.107620" hostname="Gustavo_Laptop"><testcase classname="tests.model.test_model.TestModel" name="test_model_fit" time="323.946" /><testcase classname="tests.model.test_model.TestModel" name="test_model_predict" time="780.994" /><testcase time="0.001" /></testsuite></testsuites>