<?xml version="1.0" encoding="utf-8"?><testsuites><testsuite name="pytest" errors="0" failures="0" skipped="0" tests="4" time="842.640" timestamp="2024-09-10T16:10:34.839999" hostname="Gustavo_Laptop"><testcase classname="tests.model.test_model.TestModel" name="test_model_fit" time="161.842" /><testcase classname="tests.model.test_model.TestModel" name="test_model_predict" time="337.982" /><testcase classname="tests.model.test_model.TestModel" name="test_model_preprocess_for_serving" time="166.662" /><testcase classname="tests.model.test_model.TestModel" name="test_model_preprocess_for_training" time="164.992" /></testsuite></testsuites>